<?xml version="1.0" encoding="UTF-8"?>
<!-- Generated by org.testng.reporters.JUnitXMLReporter -->
<testsuite hostname="DDC-D-7QBR9B2" ignored="0" name="Default test" tests="4" failures="0" timestamp="22 Jul 2019 15:23:07 GMT" time="106.223" errors="0">
  <testcase name="testRegistration" time="24.351" classname="testmeapp.aditi.OnlineShoppingTest"/>
  <testcase name="testLogin" time="5.832" classname="testmeapp.aditi.OnlineShoppingTest"/>
  <testcase name="testCart" time="6.942" classname="testmeapp.aditi.OnlineShoppingTest"/>
  <testcase name="testPayment" time="13.508" classname="testmeapp.aditi.OnlineShoppingTest"/>
</testsuite> <!-- Default test -->
